[2026/01/16 15:41:52   INFO]           [HytaleServer] Starting HytaleServer
[2026/01/16 15:41:52   INFO]           [HytaleServer] Loading config...
[2026/01/16 15:41:52   INFO]           [HytaleServer] Authentication mode: AUTHENTICATED
[2026/01/16 15:41:52   INFO]      [ServerAuthManager] No server tokens configured. Use /auth login to authenticate, or provide tokens via CLI/environment.
[2026/01/16 15:41:52   INFO]      [ServerAuthManager] Server session ID: 4988b04e-cf89-43f0-87f4-3749f10b1534
[2026/01/16 15:41:52   INFO]           [HytaleServer] Enabling Sentry
[2026/01/16 15:41:52   INFO]           [HytaleServer] Booting up HytaleServer - Version: 2026.01.15-c04fdfe10, Revision: c04fdfe1050a70829ff6aaf01da2d7d679220f86
[2026/01/16 15:41:52   INFO]           [HytaleServer] Setup phase...
[2026/01/16 15:41:52   INFO]          [PluginManager] Loading pending core plugins!
[2026/01/16 15:41:52   INFO]          [PluginManager] - Hytale:ConsoleModule
[2026/01/16 15:41:52   INFO]          [PluginManager] - Hytale:PermissionsModule
[2026/01/16 15:41:52   INFO]          [PluginManager] - Hytale:FlyCameraModule
[2026/01/16 15:41:52   INFO]          [PluginManager] - Hytale:AssetModule
[2026/01/16 15:41:52   INFO]          [PluginManager] - Hytale:CommonAssetModule
[2026/01/16 15:41:52   INFO]          [PluginManager] - Hytale:CosmeticsModule
[2026/01/16 15:41:52   INFO]          [PluginManager] - Hytale:ServerManager
[2026/01/16 15:41:52   INFO]          [PluginManager] - Hytale:I18nModule
[2026/01/16 15:41:52   INFO]          [PluginManager] - Hytale:ItemModule
[2026/01/16 15:41:52   INFO]          [PluginManager] - Hytale:BlockTypeModule
[2026/01/16 15:41:52   INFO]          [PluginManager] - Hytale:LegacyModule
[2026/01/16 15:41:52   INFO]          [PluginManager] - Hytale:BlockModule
[2026/01/16 15:41:52   INFO]          [PluginManager] - Hytale:BlockStateModule
[2026/01/16 15:41:52   INFO]          [PluginManager] - Hytale:CollisionModule
[2026/01/16 15:41:52   INFO]          [PluginManager] - Hytale:BlockSetModule
[2026/01/16 15:41:52   INFO]          [PluginManager] - Hytale:MigrationModule
[2026/01/16 15:41:52   INFO]          [PluginManager] - Hytale:BlockHealthModule
[2026/01/16 15:41:52   INFO]          [PluginManager] - Hytale:PrefabSpawnerModule
[2026/01/16 15:41:52   INFO]          [PluginManager] - Hytale:TimeModule
[2026/01/16 15:41:52   INFO]          [PluginManager] - Hytale:InteractionModule
[2026/01/16 15:41:52   INFO]          [PluginManager] - Hytale:EntityModule
[2026/01/16 15:41:52   INFO]          [PluginManager] - Hytale:EntityStatsModule
[2026/01/16 15:41:52   INFO]          [PluginManager] - Hytale:EntityUIModule
[2026/01/16 15:41:52   INFO]          [PluginManager] - Hytale:DamageModule
[2026/01/16 15:41:52   INFO]          [PluginManager] - Hytale:SplitVelocity
[2026/01/16 15:41:52   INFO]          [PluginManager] - Hytale:StaminaModule
[2026/01/16 15:41:52   INFO]          [PluginManager] - Hytale:DebugPlugin
[2026/01/16 15:41:52   INFO]          [PluginManager] - Hytale:ProjectileModule
[2026/01/16 15:41:52   INFO]          [PluginManager] - Hytale:ServerPlayerListModule
[2026/01/16 15:41:52   INFO]          [PluginManager] - Hytale:AccessControlModule
[2026/01/16 15:41:52   INFO]          [PluginManager] - Hytale:SingleplayerModule
[2026/01/16 15:41:52   INFO]          [PluginManager] - Hytale:Universe
[2026/01/16 15:41:52   INFO]          [PluginManager] - Hytale:ConnectedBlocksModule
[2026/01/16 15:41:52   INFO]          [PluginManager] Loading pending classpath plugins!
[2026/01/16 15:41:52   INFO]          [PluginManager] - Hytale:AssetEditor
[2026/01/16 15:41:52   INFO]          [PluginManager] - Hytale:BlockSpawner
[2026/01/16 15:41:52   INFO]          [PluginManager] - Hytale:BlockTick
[2026/01/16 15:41:52   INFO]          [PluginManager] - Hytale:BlockPhysics
[2026/01/16 15:41:52   INFO]          [PluginManager] - Hytale:BuilderTools
[2026/01/16 15:41:52   INFO]          [PluginManager] - Hytale:Crafting
[2026/01/16 15:41:52   INFO]          [PluginManager] - Hytale:CommandMacro
[2026/01/16 15:41:52   INFO]          [PluginManager] - Hytale:Instances
[2026/01/16 15:41:52   INFO]          [PluginManager] - Hytale:LANDiscovery
[2026/01/16 15:41:52   INFO]          [PluginManager] - Hytale:NPC
[2026/01/16 15:41:52   INFO]          [PluginManager] - Hytale:NPCObjectives
[2026/01/16 15:41:52   INFO]          [PluginManager] - Hytale:ObjectiveReputation
[2026/01/16 15:41:52   INFO]          [PluginManager] - Hytale:Objectives
[2026/01/16 15:41:52   INFO]          [PluginManager] - Hytale:ObjectiveShop
[2026/01/16 15:41:52   INFO]          [PluginManager] - Hytale:Path
[2026/01/16 15:41:52   INFO]          [PluginManager] - Hytale:Reputation
[2026/01/16 15:41:52   INFO]          [PluginManager] - Hytale:NPCReputation
[2026/01/16 15:41:52   INFO]          [PluginManager] - Hytale:Shop
[2026/01/16 15:41:52   INFO]          [PluginManager] - Hytale:ShopReputation
[2026/01/16 15:41:52   INFO]          [PluginManager] - Hytale:NPCShop
[2026/01/16 15:41:52   INFO]          [PluginManager] - Hytale:NPCEditor
[2026/01/16 15:41:52   INFO]          [PluginManager] - Hytale:Stash
[2026/01/16 15:41:52   INFO]          [PluginManager] - Hytale:TagSet
[2026/01/16 15:41:52   INFO]          [PluginManager] - Hytale:Teleport
[2026/01/16 15:41:52   INFO]          [PluginManager] - Hytale:Fluid
[2026/01/16 15:41:52   INFO]          [PluginManager] - Hytale:Weather
[2026/01/16 15:41:52   INFO]          [PluginManager] - Hytale:WorldGen
[2026/01/16 15:41:52   INFO]          [PluginManager] - Hytale:Farming
[2026/01/16 15:41:52   INFO]          [PluginManager] - Hytale:Camera
[2026/01/16 15:41:52   INFO]          [PluginManager] - Hytale:WorldLocationCondition
[2026/01/16 15:41:52   INFO]          [PluginManager] - Hytale:NPCCombatActionEvaluator
[2026/01/16 15:41:52   INFO]          [PluginManager] - Hytale:Model
[2026/01/16 15:41:52   INFO]          [PluginManager] - Hytale:Mantling
[2026/01/16 15:41:52   INFO]          [PluginManager] - Hytale:SafetyRoll
[2026/01/16 15:41:52   INFO]          [PluginManager] - Hytale:SprintForce
[2026/01/16 15:41:52   INFO]          [PluginManager] - Hytale:CrouchSlide
[2026/01/16 15:41:52   INFO]          [PluginManager] - Hytale:Parkour
[2026/01/16 15:41:52   INFO]          [PluginManager] - Hytale:Mounts
[2026/01/16 15:41:52   INFO]          [PluginManager] - Hytale:HytaleGenerator
[2026/01/16 15:41:52   INFO]          [PluginManager] - Hytale:Teleporter
[2026/01/16 15:41:52   INFO]          [PluginManager] - Hytale:Memories
[2026/01/16 15:41:52   INFO]          [PluginManager] - Hytale:Deployables
[2026/01/16 15:41:52   INFO]          [PluginManager] - Hytale:Portals
[2026/01/16 15:41:52   INFO]          [PluginManager] - Hytale:Beds
[2026/01/16 15:41:52   INFO]          [PluginManager] - Hytale:Ambience
[2026/01/16 15:41:52   INFO]          [PluginManager] - Hytale:CreativeHub
[2026/01/16 15:41:52   INFO]          [PluginManager] Loading pending plugins from directory: /Users/zoki/hytale/server/mods
[2026/01/16 15:41:52   INFO]          [PluginManager] - Freecam:Freecam from path Freecam-1.1.0.jar
[2026/01/16 15:41:52   INFO]          [FreecamPlugin] Freecam 1.1.0 is loading...
[2026/01/16 15:41:52   INFO]          [AssetModule|P] Asset monitor enabled!
[2026/01/16 15:41:52   WARN]          [AssetModule|P] Skipping pack at HytaleAssets: missing or invalid manifest.json
[2026/01/16 15:41:52   INFO]          [AssetModule|P] Loading packs from directory: mods
[2026/01/16 15:41:52   INFO]          [AssetModule|P] Loading packs from directory: /Users/zoki/hytale/server/mods
[2026/01/16 15:41:52   WARN]          [AssetModule|P] Skipping pack at permissions.json: missing or invalid manifest.json
[2026/01/16 15:41:52   WARN]          [AssetModule|P] Skipping pack at bans.json: missing or invalid manifest.json
[2026/01/16 15:41:52   WARN]          [AssetModule|P] Skipping pack at config.json: missing or invalid manifest.json
[2026/01/16 15:41:52   WARN]          [AssetModule|P] Skipping pack at whitelist.json: missing or invalid manifest.json
[2026/01/16 15:41:52   WARN]          [AssetModule|P] Skipping pack at Hytale_Shop: missing or invalid manifest.json
[2026/01/16 15:41:52   WARN]          [AssetModule|P] Skipping pack at logs: missing or invalid manifest.json
[2026/01/16 15:41:52   WARN]          [AssetModule|P] Skipping pack at mods: missing or invalid manifest.json
[2026/01/16 15:41:52   WARN]          [AssetModule|P] Skipping pack at universe: missing or invalid manifest.json
[2026/01/16 15:41:52   WARN]          [AssetModule|P] Skipping pack at .cache: missing or invalid manifest.json
[2026/01/16 15:41:52   INFO]           [HytaleServer] Shutdown triggered!!!
[2026/01/16 15:41:52   INFO]           [HytaleServer] Shutting down... 7  'Failed to load any asset packs'
[2026/01/16 15:41:52   INFO]          [PluginManager] Saving plugins config...
[2026/01/16 15:41:52   INFO]           [HytaleServer] Saving config...
[2026/01/16 15:41:52   INFO]           [HytaleServer] Shutdown completed!
